<?xml version="1.0" encoding="UTF-8"?>
<!-- Generated by org.testng.reporters.JUnitReportReporter -->
<testsuite skipped="0" hostname="5CG6332Q30" name="com.qa.test_casesCompare.PriceComparison" tests="1" failures="0" timestamp="01 Jan 2020 14:04:54 GMT" time="84.370" errors="0">
  <testcase name="testTripadvisor" time="84.370" classname="com.qa.test_casesCompare.PriceComparison"/>
</testsuite> <!-- com.qa.test_casesCompare.PriceComparison -->
