<?xml version="1.0" encoding="UTF-8"?>
<!-- Generated by org.testng.reporters.JUnitReportReporter -->
<testsuite skipped="0" hostname="5CG6332Q30" name="com.qa.test_casesCompare.PriceComparison" tests="1" failures="0" timestamp="02 Jan 2020 12:34:21 GMT" time="109.292" errors="0">
  <testcase name="testTripadvisor" time="109.292" classname="com.qa.test_casesCompare.PriceComparison"/>
</testsuite> <!-- com.qa.test_casesCompare.PriceComparison -->
