<?xml version="1.0" encoding="UTF-8"?>
<!-- Generated by org.testng.reporters.JUnitReportReporter -->
<testsuite skipped="0" hostname="5CG6332Q30" name="com.qa.test_casesCompare.TestFacebook" tests="1" failures="0" timestamp="07 Jan 2020 12:14:26 GMT" time="83.500" errors="0">
  <testcase name="test" time="83.500" classname="com.qa.test_casesCompare.TestFacebook"/>
</testsuite> <!-- com.qa.test_casesCompare.TestFacebook -->
